<?xml version="1.0" encoding="UTF-8"?>
<!-- Generated by org.testng.reporters.JUnitXMLReporter -->
<testsuite ignored="0" hostname="HKs-Dell" failures="1" tests="3" name="Default test" time="18.214" errors="0" timestamp="2023-06-26T17:55:48 IST">
  <testcase classname="io.cucumber.testng.AbstractTestNGCucumberTests" name="runScenario" time="6.634"/>
  <testcase classname="io.cucumber.testng.AbstractTestNGCucumberTests" name="runScenario" time="4.584">
    <failure type="java.lang.AssertionError" message="expected [] but found [Incorrect email or password.]">
      <![CDATA[java.lang.AssertionError: expected [] but found [Incorrect email or password.]
at org.testng.Assert.fail(Assert.java:99)
at org.testng.Assert.failNotEquals(Assert.java:1037)
at org.testng.Assert.assertEqualsImpl(Assert.java:140)
at org.testng.Assert.assertEquals(Assert.java:122)
at org.testng.Assert.assertEquals(Assert.java:629)
at org.testng.Assert.assertEquals(Assert.java:639)
at hariKrishna.stepdefinition.Stepdefinition.I_validate_the_outcomes_message(Stepdefinition.java:30)
at âœ½.I validate the outcomes "Incorrect email or password."(file:///D:/Edu/workspace/Final/src/test/java/hariKrishna/cucumber/test1.feature:36)
]]>
    </failure>
  </testcase> <!-- runScenario -->
  <testcase classname="io.cucumber.testng.AbstractTestNGCucumberTests" name="runScenario" time="5.61"/>
</testsuite> <!-- Default test -->
