<?xml version="1.0" encoding="UTF-8"?>
<!-- Generated by org.testng.reporters.JUnitXMLReporter -->
<testsuite ignored="0" hostname="HKs-Dell" failures="1" tests="3" name="Test" time="18.327" errors="0" timestamp="2023-06-26T18:00:25 IST">
  <testcase classname="io.cucumber.testng.AbstractTestNGCucumberTests" name="runScenario" time="7.341"/>
  <testcase classname="io.cucumber.testng.AbstractTestNGCucumberTests" name="runScenario" time="5.598"/>
  <testcase classname="io.cucumber.testng.AbstractTestNGCucumberTests" name="runScenario" time="3.969">
    <failure type="java.lang.AssertionError" message="expected [] but found [Incorrect email or password.]">
      <![CDATA[java.lang.AssertionError: expected [] but found [Incorrect email or password.]
at hariKrishna.stepdefinition.Stepdefinition.I_validate_the_outcomes_message(Stepdefinition.java:30)
at âœ½.I validate the outcomes "Incorrect email or password."(file:///D:/Edu/workspace/Final/src/test/java/hariKrishna/cucumber/test1.feature:36)
... Removed 6 stack frames]]>
    </failure>
  </testcase> <!-- runScenario -->
</testsuite> <!-- Test -->
