<?xml version="1.0" encoding="UTF-8"?>
<testng-results ignored="0" total="3" passed="2" failed="1" skipped="0">
  <reporter-output>
  </reporter-output>
  <suite started-at="2023-06-26T18:00:07 IST" name="Suite" finished-at="2023-06-26T18:00:25 IST" duration-ms="18327">
    <groups>
      <group name="cucumber">
        <method signature="AbstractTestNGCucumberTests.runScenario(io.cucumber.testng.PickleWrapper,io.cucumber.testng.FeatureWrapper)[pri:0, instance:hariKrishna.cucumber.Runner@70e9c95d]" name="runScenario" class="io.cucumber.testng.AbstractTestNGCucumberTests"/>
      </group> <!-- cucumber -->
    </groups>
    <test started-at="2023-06-26T18:00:07 IST" name="Test" finished-at="2023-06-26T18:00:25 IST" duration-ms="18327">
      <class name="hariKrishna.cucumber.Runner">
        <test-method is-config="true" signature="setUpClass(org.testng.ITestContext)[pri:0, instance:hariKrishna.cucumber.Runner@70e9c95d]" started-at="2023-06-26T18:00:07 IST" name="setUpClass" finished-at="2023-06-26T18:00:08 IST" duration-ms="1168" status="PASS">
          <params>
            <param index="0">
              <value>
                <![CDATA[org.testng.TestRunner@12591ac8]]>
              </value>
            </param>
          </params>
          <reporter-output>
          </reporter-output>
        </test-method> <!-- setUpClass -->
        <test-method signature="runScenario(io.cucumber.testng.PickleWrapper,io.cucumber.testng.FeatureWrapper)[pri:0, instance:hariKrishna.cucumber.Runner@70e9c95d]" started-at="2023-06-26T18:00:08 IST" name="runScenario" description="Runs Cucumber Scenarios" data-provider="scenarios" finished-at="2023-06-26T18:00:15 IST" duration-ms="7341" status="PASS">
          <params>
            <param index="0">
              <value>
                <![CDATA["Login with wrong credential"]]>
              </value>
            </param>
            <param index="1">
              <value>
                <![CDATA["Loging"]]>
              </value>
            </param>
          </params>
          <reporter-output>
          </reporter-output>
        </test-method> <!-- runScenario -->
        <test-method signature="runScenario(io.cucumber.testng.PickleWrapper,io.cucumber.testng.FeatureWrapper)[pri:0, instance:hariKrishna.cucumber.Runner@70e9c95d]" started-at="2023-06-26T18:00:15 IST" name="runScenario" description="Runs Cucumber Scenarios" data-provider="scenarios" finished-at="2023-06-26T18:00:21 IST" duration-ms="5598" status="PASS">
          <params>
            <param index="0">
              <value>
                <![CDATA["Login with wrong credentials"]]>
              </value>
            </param>
            <param index="1">
              <value>
                <![CDATA["Loging"]]>
              </value>
            </param>
          </params>
          <reporter-output>
          </reporter-output>
        </test-method> <!-- runScenario -->
        <test-method signature="runScenario(io.cucumber.testng.PickleWrapper,io.cucumber.testng.FeatureWrapper)[pri:0, instance:hariKrishna.cucumber.Runner@70e9c95d]" started-at="2023-06-26T18:00:21 IST" name="runScenario" description="Runs Cucumber Scenarios" data-provider="scenarios" finished-at="2023-06-26T18:00:25 IST" duration-ms="3969" status="FAIL">
          <params>
            <param index="0">
              <value>
                <![CDATA["Login with wrong credentials"]]>
              </value>
            </param>
            <param index="1">
              <value>
                <![CDATA["Loging"]]>
              </value>
            </param>
          </params>
          <exception class="java.lang.AssertionError">
            <message>
              <![CDATA[expected [] but found [Incorrect email or password.]]]>
            </message>
            <full-stacktrace>
              <![CDATA[java.lang.AssertionError: expected [] but found [Incorrect email or password.]
at org.testng.Assert.fail(Assert.java:99)
at org.testng.Assert.failNotEquals(Assert.java:1037)
at org.testng.Assert.assertEqualsImpl(Assert.java:140)
at org.testng.Assert.assertEquals(Assert.java:122)
at org.testng.Assert.assertEquals(Assert.java:629)
at org.testng.Assert.assertEquals(Assert.java:639)
at hariKrishna.stepdefinition.Stepdefinition.I_validate_the_outcomes_message(Stepdefinition.java:30)
at âœ½.I validate the outcomes "Incorrect email or password."(file:///D:/Edu/workspace/Final/src/test/java/hariKrishna/cucumber/test1.feature:36)
]]>
            </full-stacktrace>
          </exception> <!-- java.lang.AssertionError -->
          <reporter-output>
          </reporter-output>
        </test-method> <!-- runScenario -->
        <test-method is-config="true" signature="tearDownClass()[pri:0, instance:hariKrishna.cucumber.Runner@70e9c95d]" started-at="2023-06-26T18:00:25 IST" name="tearDownClass" finished-at="2023-06-26T18:00:25 IST" duration-ms="169" status="PASS">
          <reporter-output>
          </reporter-output>
        </test-method> <!-- tearDownClass -->
      </class> <!-- hariKrishna.cucumber.Runner -->
    </test> <!-- Test -->
  </suite> <!-- Suite -->
</testng-results>
