<?xml version="1.0" encoding="UTF-8"?>
<!-- Generated by org.testng.reporters.JUnitReportReporter -->
<testsuite hostname="HKs-Dell" failures="1" tests="3" name="hariKrishna.cucumber.Runner" time="16.908" errors="0" timestamp="2023-06-26T18:00:25 IST" skipped="0">
  <testcase classname="hariKrishna.cucumber.Runner" name="runScenario" time="7.341"/>
  <system-out/>
  <testcase classname="hariKrishna.cucumber.Runner" name="runScenario" time="5.598"/>
  <system-out/>
  <testcase classname="hariKrishna.cucumber.Runner" name="runScenario" time="3.969">
    <failure message="expected [] but found [Incorrect email or password.]" type="java.lang.AssertionError">
      <![CDATA[java.lang.AssertionError: expected [] but found [Incorrect email or password.]
at org.testng.Assert.fail(Assert.java:99)
at org.testng.Assert.failNotEquals(Assert.java:1037)
at org.testng.Assert.assertEqualsImpl(Assert.java:140)
at org.testng.Assert.assertEquals(Assert.java:122)
at org.testng.Assert.assertEquals(Assert.java:629)
at org.testng.Assert.assertEquals(Assert.java:639)
at hariKrishna.stepdefinition.Stepdefinition.I_validate_the_outcomes_message(Stepdefinition.java:30)
at âœ½.I validate the outcomes "Incorrect email or password."(file:///D:/Edu/workspace/Final/src/test/java/hariKrishna/cucumber/test1.feature:36)
]]>
    </failure>
  </testcase> <!-- runScenario -->
  <system-out/>
</testsuite> <!-- hariKrishna.cucumber.Runner -->
